<?xml version='1.0' encoding='UTF-8'?>
<testsuite hostname="cu-tcom-1-10.203.2.109.int.colorado.edu" name="edu.colorado.csci3155.project1.StackMachineTest" tests="13" errors="0" failures="0" skipped="0" time="0.099" timestamp="2020-02-24T15:04:10">
                     <properties>
[...]
</properties>
                     <testcase classname="edu.colorado.csci3155.project1.StackMachineTest" name="stack machine test 1" time="0.023">
                                                 
                                               </testcase><testcase classname="edu.colorado.csci3155.project1.StackMachineTest" name="logarithm test" time="0.002">
                                                 
                                               </testcase><testcase classname="edu.colorado.csci3155.project1.StackMachineTest" name="exponent test" time="0.002">
                                                 
                                               </testcase><testcase classname="edu.colorado.csci3155.project1.StackMachineTest" name="multiplication test" time="0.001">
                                                 
                                               </testcase><testcase classname="edu.colorado.csci3155.project1.StackMachineTest" name="division test" time="0.002">
                                                 
                                               </testcase><testcase classname="edu.colorado.csci3155.project1.StackMachineTest" name="subtraction test" time="0.0">
                                                 
                                               </testcase><testcase classname="edu.colorado.csci3155.project1.StackMachineTest" name="stack machine test 2" time="0.002">
                                                 
                                               </testcase><testcase classname="edu.colorado.csci3155.project1.StackMachineTest" name="stack machine test 5" time="0.001">
                                                 
                                               </testcase><testcase classname="edu.colorado.csci3155.project1.StackMachineTest" name="sine test" time="0.001">
                                                 
                                               </testcase><testcase classname="edu.colorado.csci3155.project1.StackMachineTest" name="cosine test" time="0.047">
                                                 
                                               </testcase><testcase classname="edu.colorado.csci3155.project1.StackMachineTest" name="divide by zero" time="0.001">
                                                 
                                               </testcase><testcase classname="edu.colorado.csci3155.project1.StackMachineTest" name="bad logarithm test" time="0.015">
                                                 
                                               </testcase><testcase classname="edu.colorado.csci3155.project1.StackMachineTest" name="empty stack test" time="0.002">
                                                 
                                               </testcase>
                     <system-out><![CDATA[]]></system-out>
                     <system-err><![CDATA[]]></system-err>
                   </testsuite>